#
# A fatal error has been detected by the Java Runtime Environment:
#
#  SIGSEGV (0xb) at pc=0x00007fa2e00520ad, pid=102738, tid=102756
#
# JRE version: OpenJDK Runtime Environment (11.0.15+10) (build 11.0.15+10-Ubuntu-0ubuntu0.20.04.1)
# Java VM: OpenJDK 64-Bit Server VM (11.0.15+10-Ubuntu-0ubuntu0.20.04.1, mixed mode, sharing, tiered, compressed oops, g1 gc, linux-amd64)
# Problematic frame:
# C  [libjimage.so+0x30ad]
#
# Core dump will be written. Default location: Core dumps may be processed with "/usr/share/apport/apport -p%p -s%s -c%c -d%d -P%P -u%u -g%g -- %E" (or dumping to /home/juca/eclipse-workspace/ProgramInn/core.102738)
#
# If you would like to submit a bug report, please visit:
#   Unknown
#

---------------  S U M M A R Y ------------

Command Line: -agentlib:jdwp=transport=dt_socket,suspend=y,address=localhost:37397 -javaagent:/home/juca/eclipse/jee-2021-06/eclipse/configuration/org.eclipse.osgi/410/0/.cp/lib/javaagent-shaded.jar -Dfile.encoding=UTF-8 ProgramInn

Host: Intel(R) Core(TM) i3-6006U CPU @ 2.00GHz, 4 cores, 3G, Ubuntu 20.04.4 LTS
Time: Tue May 31 14:52:23 2022 -03 elapsed time: 29025.100591 seconds (0d 8h 3m 45s)

---------------  T H R E A D  ---------------

Current thread (0x00007fa2dc12d800):  JavaThread "Signal Dispatcher" daemon [_thread_in_vm, id=102756, stack(0x00007fa2bc316000,0x00007fa2bc417000)]

Stack: [0x00007fa2bc316000,0x00007fa2bc417000],  sp=0x00007fa2bc4141f0,  free space=1016k
Native frames: (J=compiled Java code, A=aot compiled Java code, j=interpreted, Vv=VM code, C=native code)
C  [libjimage.so+0x30ad]
C  [libjimage.so+0x3ca2]
C  [libjimage.so+0x4191]  JIMAGE_FindResource+0xf1
V  [libjvm.so+0x5baef1]
V  [libjvm.so+0x5bd511]
V  [libjvm.so+0xdf4bbd]
V  [libjvm.so+0xdf375a]
V  [libjvm.so+0xdf5cfb]
V  [libjvm.so+0x66d46e]
V  [libjvm.so+0x861206]
j  jdk.internal.misc.Signal.dispatch(I)V+25 java.base@11.0.15
v  ~StubRoutines::call_stub
V  [libjvm.so+0x869cc4]
V  [libjvm.so+0x868d02]
V  [libjvm.so+0xbd444e]
V  [libjvm.so+0xe2b44f]
V  [libjvm.so+0xe27e70]
V  [libjvm.so+0xbe65f6]

Java frames: (J=compiled Java code, j=interpreted, Vv=VM code)
j  jdk.internal.misc.Signal.dispatch(I)V+25 java.base@11.0.15
v  ~StubRoutines::call_stub

siginfo: si_signo: 11 (SIGSEGV), si_code: 1 (SEGV_MAPERR), si_addr: 0x00007fa2d3825e18

Register to memory mapping:

RAX=0x0000000000001f7f is an unknown value
RBX=0x00007fa2bc4142a1 is pointing into the stack for thread: 0x00007fa2dc12d800
RCX=0x00007fa2bc4142c3 is pointing into the stack for thread: 0x00007fa2dc12d800
RDX=0x0000000000001f7f is an unknown value
RSP=0x00007fa2bc4141f0 is pointing into the stack for thread: 0x00007fa2dc12d800
RBP=0x00007fa2bc414210 is pointing into the stack for thread: 0x00007fa2dc12d800
RSI=0x0 is NULL
RDI=0x00007fa2e0057030: <offset 0x0000000000008030> in /usr/lib/jvm/java-11-openjdk-amd64/lib/libjimage.so at 0x00007fa2e004f000
R8 =0x00007fa2d381e01c is an unknown value
R9 =0x00007fa2bc4150b0 is pointing into the stack for thread: 0x00007fa2dc12d800
R10=0x00007fa2e142c0e0: <offset 0x0000000000f4f0e0> in /usr/lib/jvm/java-11-openjdk-amd64/lib/server/libjvm.so at 0x00007fa2e04dd000
R11=0x00007fa2bc415418 is pointing into the stack for thread: 0x00007fa2dc12d800
R12=0x000000000000848b is an unknown value
R13=0x00007fa2bc4142a0 is pointing into the stack for thread: 0x00007fa2dc12d800
R14=0x0 is NULL
R15=0x00007fa2dc12e550 points into unknown readable memory: 0x65746e692f6b646a | 6a 64 6b 2f 69 6e 74 65


Registers:
RAX=0x0000000000001f7f, RBX=0x00007fa2bc4142a1, RCX=0x00007fa2bc4142c3, RDX=0x0000000000001f7f
RSP=0x00007fa2bc4141f0, RBP=0x00007fa2bc414210, RSI=0x0000000000000000, RDI=0x00007fa2e0057030
R8 =0x00007fa2d381e01c, R9 =0x00007fa2bc4150b0, R10=0x00007fa2e142c0e0, R11=0x00007fa2bc415418
R12=0x000000000000848b, R13=0x00007fa2bc4142a0, R14=0x0000000000000000, R15=0x00007fa2dc12e550
RIP=0x00007fa2e00520ad, EFLAGS=0x0000000000010246, CSGSFS=0x002b000000000033, ERR=0x0000000000000004
  TRAPNO=0x000000000000000e

Top of Stack: (sp=0x00007fa2bc4141f0)
0x00007fa2bc4141f0:   0000000000000000 00007fa2bc415338
0x00007fa2bc414200:   00007fa2dc009be0 00007fa2bc4142a0
0x00007fa2bc414210:   00007fa2bc414280 00007fa2e0052ca2
0x00007fa2bc414220:   0000000000000000 0000000000000000 

Instructions: (pc=0x00007fa2e00520ad)
0x00007fa2e0051fad:   f3 ff ff 44 03 65 90 e9 3f fe ff ff 0f 1f 80 00
0x00007fa2e0051fbd:   00 00 00 41 8b 10 41 89 55 00 41 8b 54 00 fc 41
0x00007fa2e0051fcd:   89 54 05 fc e9 82 fc ff ff 66 2e 0f 1f 84 00 00
0x00007fa2e0051fdd:   00 00 00 b9 0a 00 00 00 e9 f0 fc ff ff 41 0f b7
0x00007fa2e0051fed:   54 00 fe 66 41 89 54 05 fe e9 5d fc ff ff 0f 1f
0x00007fa2e0051ffd:   44 00 00 f3 0f 1e fa 0f b6 17 89 f0 89 f1 4c 8d
0x00007fa2e005200d:   47 01 84 d2 74 1f 0f 1f 44 00 00 69 c9 93 01 00
0x00007fa2e005201d:   01 0f b6 d2 49 83 c0 01 31 d1 41 0f b6 50 ff 84
0x00007fa2e005202d:   d2 75 e8 89 c8 25 ff ff ff 7f c3 0f 1f 84 00 00
0x00007fa2e005203d:   00 00 00 f3 0f 1e fa 48 85 d2 0f 84 da 00 00 00
0x00007fa2e005204d:   55 48 89 e5 41 55 41 54 41 89 cc 53 48 83 ec 08
0x00007fa2e005205d:   85 c9 0f 84 ba 00 00 00 49 89 f5 48 8d 5e 01 0f
0x00007fa2e005206d:   b6 36 49 89 d0 40 84 f6 0f 84 9d 00 00 00 48 89
0x00007fa2e005207d:   d9 b8 93 01 00 01 0f 1f 44 00 00 69 d0 93 01 00
0x00007fa2e005208d:   01 48 83 c1 01 40 0f b6 c6 0f b6 71 ff 31 d0 40
0x00007fa2e005209d:   84 f6 75 e7 25 ff ff ff 7f 31 d2 41 f7 f4 89 d0
0x00007fa2e00520ad:   41 8b 34 80 48 8b 07 ff 50 20 85 c0 7f 15 74 62
0x00007fa2e00520bd:   f7 d0 41 89 c0 48 83 c4 08 44 89 c0 5b 41 5c 41
0x00007fa2e00520cd:   5d 5d c3 41 0f b6 4d 00 89 c6 84 c9 74 1e 0f 1f
0x00007fa2e00520dd:   44 00 00 69 f6 93 01 00 01 0f b6 c9 48 83 c3 01
0x00007fa2e00520ed:   31 ce 0f b6 4b ff 84 c9 75 e9 89 f0 25 ff ff ff
0x00007fa2e00520fd:   7f 31 d2 48 83 c4 08 41 f7 f4 5b 41 5c 41 5d 5d
0x00007fa2e005210d:   41 89 d0 44 89 c0 c3 0f 1f 40 00 b8 93 01 00 01
0x00007fa2e005211d:   eb 87 41 b8 ff ff ff ff eb 9b 41 83 c8 ff 44 89
0x00007fa2e005212d:   c0 c3 90 f3 0f 1e fa eb 1d 66 2e 0f 1f 84 00 00
0x00007fa2e005213d:   00 00 00 0f b6 16 84 d2 74 13 38 c2 75 15 48 83
0x00007fa2e005214d:   c7 01 48 83 c6 01 0f b6 07 84 c0 75 e6 48 89 f8
0x00007fa2e005215d:   c3 66 90 31 c0 c3 90 66 66 2e 0f 1f 84 00 00 00
0x00007fa2e005216d:   00 00 90 f3 0f 1e fa 48 85 f6 74 51 0f b6 06 84
0x00007fa2e005217d:   c0 74 4a 0f b6 d0 83 e0 07 c1 fa 03 44 8d 50 01
0x00007fa2e005218d:   0f b6 c0 41 89 d1 4c 8d 44 06 02 48 8d 56 01 31
0x00007fa2e005219d:   c0 66 90 0f b6 0a 48 c1 e0 08 48 83 c2 01 48 09 


Stack slot to memory mapping:
stack at sp + 0 slots: 0x0 is NULL
stack at sp + 1 slots: 0x00007fa2bc415338 is pointing into the stack for thread: 0x00007fa2dc12d800
stack at sp + 2 slots: 0x00007fa2dc009be0 points into unknown readable memory: 0x0000000000000000 | 00 00 00 00 00 00 00 00
stack at sp + 3 slots: 0x00007fa2bc4142a0 is pointing into the stack for thread: 0x00007fa2dc12d800
stack at sp + 4 slots: 0x00007fa2bc414280 is pointing into the stack for thread: 0x00007fa2dc12d800
stack at sp + 5 slots: 0x00007fa2e0052ca2: <offset 0x0000000000003ca2> in /usr/lib/jvm/java-11-openjdk-amd64/lib/libjimage.so at 0x00007fa2e004f000
stack at sp + 6 slots: 0x0 is NULL
stack at sp + 7 slots: 0x0 is NULL


---------------  P R O C E S S  ---------------

Threads class SMR info:
_java_thread_list=0x00007fa274002060, length=11, elements={
0x00007fa2dc018000, 0x00007fa2dc126000, 0x00007fa2dc128800, 0x00007fa2dc12d800,
0x00007fa2dc130000, 0x00007fa2dc132000, 0x00007fa2dc134000, 0x00007fa2dc136000,
0x00007fa2dc17b800, 0x00007fa2dc1d5000, 0x00007fa2dc1d9800
}

Java Threads: ( => current thread )
  0x00007fa2dc018000 JavaThread "main" [_thread_in_native, id=102741, stack(0x00007fa2e0090000,0x00007fa2e0191000)]
  0x00007fa2dc126000 JavaThread "Reference Handler" daemon [_thread_blocked, id=102754, stack(0x00007fa2bca8a000,0x00007fa2bcb8b000)]
  0x00007fa2dc128800 JavaThread "Finalizer" daemon [_thread_blocked, id=102755, stack(0x00007fa2bc989000,0x00007fa2bca8a000)]
=>0x00007fa2dc12d800 JavaThread "Signal Dispatcher" daemon [_thread_in_vm, id=102756, stack(0x00007fa2bc316000,0x00007fa2bc417000)]
  0x00007fa2dc130000 JavaThread "Service Thread" daemon [_thread_blocked, id=102757, stack(0x00007fa2bc215000,0x00007fa2bc316000)]
  0x00007fa2dc132000 JavaThread "C2 CompilerThread0" daemon [_thread_blocked, id=102758, stack(0x00007fa2bc114000,0x00007fa2bc215000)]
  0x00007fa2dc134000 JavaThread "C1 CompilerThread0" daemon [_thread_blocked, id=102759, stack(0x00007fa2bc013000,0x00007fa2bc114000)]
  0x00007fa2dc136000 JavaThread "Sweeper thread" daemon [_thread_blocked, id=102760, stack(0x00007fa2b5eff000,0x00007fa2b6000000)]
  0x00007fa2dc17b800 JavaThread "Common-Cleaner" daemon [_thread_blocked, id=102761, stack(0x00007fa2b5dfe000,0x00007fa2b5eff000)]
  0x00007fa2dc1d5000 JavaThread "JDWP Transport Listener: dt_socket" daemon [_thread_in_native, id=102765, stack(0x00007fa2b5cfd000,0x00007fa2b5dfe000)]
  0x00007fa2dc1d9800 JavaThread "JDWP Event Helper Thread" daemon [_thread_blocked, id=102769, stack(0x00007fa2b5bc0000,0x00007fa2b5cc1000)]

Other Threads:
  0x00007fa2dc123800 VMThread "VM Thread" [stack: 0x00007fa2bcb8d000,0x00007fa2bcc8d000] [id=102753]
  0x00007fa2dc271800 WatcherThread [stack: 0x00007fa2b59bf000,0x00007fa2b5abf000] [id=102773]
  0x00007fa2dc02f800 GCTaskThread "GC Thread#0" [stack: 0x00007fa2c4515000,0x00007fa2c4615000] [id=102748]
  0x00007fa2dc04a800 ConcurrentGCThread "G1 Main Marker" [stack: 0x00007fa2bdb99000,0x00007fa2bdc99000] [id=102749]
  0x00007fa2dc04c000 ConcurrentGCThread "G1 Conc#0" [stack: 0x00007fa2bda97000,0x00007fa2bdb97000] [id=102750]
  0x00007fa2dc08e000 ConcurrentGCThread "G1 Refine#0" [stack: 0x00007fa2bd591000,0x00007fa2bd691000] [id=102751]
  0x00007fa2dc090000 ConcurrentGCThread "G1 Young RemSet Sampling" [stack: 0x00007fa2bd48f000,0x00007fa2bd58f000] [id=102752]

Threads with active compile tasks:

VM state:not at safepoint (normal execution)

VM Mutex/Monitor currently owned by a thread: None

Heap address: 0x00000000c4600000, size: 954 MB, Compressed Oops mode: 32-bit
Narrow klass base: 0x0000000800000000, Narrow klass shift: 3
Compressed class space size: 1073741824 Address: 0x0000000840000000

Heap:
 garbage-first heap   total 63488K, used 5832K [0x00000000c4600000, 0x0000000100000000)
  region size 1024K, 6 young (6144K), 0 survivors (0K)
 Metaspace       used 3108K, capacity 5025K, committed 5376K, reserved 1056768K
  class space    used 289K, capacity 459K, committed 512K, reserved 1048576K
Heap Regions: E=young(eden), S=young(survivor), O=old, HS=humongous(starts), HC=humongous(continues), CS=collection set, F=free, A=archive, TAMS=top-at-mark-start (previous, next)
|   0|0x00000000c4600000, 0x00000000c4600000, 0x00000000c4700000|  0%| F|  |TAMS 0x00000000c4600000, 0x00000000c4600000| Untracked 
|   1|0x00000000c4700000, 0x00000000c4700000, 0x00000000c4800000|  0%| F|  |TAMS 0x00000000c4700000, 0x00000000c4700000| Untracked 
|   2|0x00000000c4800000, 0x00000000c4800000, 0x00000000c4900000|  0%| F|  |TAMS 0x00000000c4800000, 0x00000000c4800000| Untracked 
|   3|0x00000000c4900000, 0x00000000c4900000, 0x00000000c4a00000|  0%| F|  |TAMS 0x00000000c4900000, 0x00000000c4900000| Untracked 
|   4|0x00000000c4a00000, 0x00000000c4a00000, 0x00000000c4b00000|  0%| F|  |TAMS 0x00000000c4a00000, 0x00000000c4a00000| Untracked 
|   5|0x00000000c4b00000, 0x00000000c4b00000, 0x00000000c4c00000|  0%| F|  |TAMS 0x00000000c4b00000, 0x00000000c4b00000| Untracked 
|   6|0x00000000c4c00000, 0x00000000c4c00000, 0x00000000c4d00000|  0%| F|  |TAMS 0x00000000c4c00000, 0x00000000c4c00000| Untracked 
|   7|0x00000000c4d00000, 0x00000000c4d00000, 0x00000000c4e00000|  0%| F|  |TAMS 0x00000000c4d00000, 0x00000000c4d00000| Untracked 
|   8|0x00000000c4e00000, 0x00000000c4e00000, 0x00000000c4f00000|  0%| F|  |TAMS 0x00000000c4e00000, 0x00000000c4e00000| Untracked 
|   9|0x00000000c4f00000, 0x00000000c4f00000, 0x00000000c5000000|  0%| F|  |TAMS 0x00000000c4f00000, 0x00000000c4f00000| Untracked 
|  10|0x00000000c5000000, 0x00000000c5000000, 0x00000000c5100000|  0%| F|  |TAMS 0x00000000c5000000, 0x00000000c5000000| Untracked 
|  11|0x00000000c5100000, 0x00000000c5100000, 0x00000000c5200000|  0%| F|  |TAMS 0x00000000c5100000, 0x00000000c5100000| Untracked 
|  12|0x00000000c5200000, 0x00000000c5200000, 0x00000000c5300000|  0%| F|  |TAMS 0x00000000c5200000, 0x00000000c5200000| Untracked 
|  13|0x00000000c5300000, 0x00000000c5300000, 0x00000000c5400000|  0%| F|  |TAMS 0x00000000c5300000, 0x00000000c5300000| Untracked 
|  14|0x00000000c5400000, 0x00000000c5400000, 0x00000000c5500000|  0%| F|  |TAMS 0x00000000c5400000, 0x00000000c5400000| Untracked 
|  15|0x00000000c5500000, 0x00000000c5500000, 0x00000000c5600000|  0%| F|  |TAMS 0x00000000c5500000, 0x00000000c5500000| Untracked 
|  16|0x00000000c5600000, 0x00000000c5600000, 0x00000000c5700000|  0%| F|  |TAMS 0x00000000c5600000, 0x00000000c5600000| Untracked 
|  17|0x00000000c5700000, 0x00000000c5700000, 0x00000000c5800000|  0%| F|  |TAMS 0x00000000c5700000, 0x00000000c5700000| Untracked 
|  18|0x00000000c5800000, 0x00000000c5800000, 0x00000000c5900000|  0%| F|  |TAMS 0x00000000c5800000, 0x00000000c5800000| Untracked 
|  19|0x00000000c5900000, 0x00000000c5900000, 0x00000000c5a00000|  0%| F|  |TAMS 0x00000000c5900000, 0x00000000c5900000| Untracked 
|  20|0x00000000c5a00000, 0x00000000c5a00000, 0x00000000c5b00000|  0%| F|  |TAMS 0x00000000c5a00000, 0x00000000c5a00000| Untracked 
|  21|0x00000000c5b00000, 0x00000000c5b00000, 0x00000000c5c00000|  0%| F|  |TAMS 0x00000000c5b00000, 0x00000000c5b00000| Untracked 
|  22|0x00000000c5c00000, 0x00000000c5c00000, 0x00000000c5d00000|  0%| F|  |TAMS 0x00000000c5c00000, 0x00000000c5c00000| Untracked 
|  23|0x00000000c5d00000, 0x00000000c5d00000, 0x00000000c5e00000|  0%| F|  |TAMS 0x00000000c5d00000, 0x00000000c5d00000| Untracked 
